<?xml version="1.0" encoding="UTF-8" standalone="no"?>
<testsuite errors="0" failures="1" name="io.cucumber.core.plugin.JUnitFormatter" skipped="0" tests="1" time="11.99">
    <testcase classname="Test to validate user is able to add any item to card and checkout the item" name="User is able to add product and checkout" time="11.658">
        <failure message="stale element reference: element is not attached to the page document&#10;  (Session info: chrome=105.0.5195.127)&#10;For documentation on this error, please visit: https://selenium.dev/exceptions/#stale_element_reference&#10;Build info: version: '4.1.0', revision: '87802e897b'&#10;System info: host: 'MSDT124', ip: '10.20.20.153', os.name: 'Windows 10', os.arch: 'amd64', os.version: '10.0', java.version: '18.0.2.1'&#10;Driver info: org.openqa.selenium.chrome.ChromeDriver&#10;Command: [53de171d17877893be12c6a38ed32577, clickElement {id=16bf47e6-926f-4f41-b91e-afe8ac36083a}]&#10;Capabilities {acceptInsecureCerts: false, browserName: chrome, browserVersion: 105.0.5195.127, chrome: {chromedriverVersion: 105.0.5195.52 (412c95e51883..., userDataDir: C:\Users\SUKREE~1\AppData\L...}, goog:chromeOptions: {debuggerAddress: localhost:53193}, javascriptEnabled: true, networkConnectionEnabled: false, pageLoadStrategy: normal, platform: WINDOWS, platformName: WINDOWS, proxy: Proxy(), se:cdp: ws://localhost:53193/devtoo..., se:cdpVersion: 105.0.5195.127, setWindowRect: true, strictFileInteractability: false, timeouts: {implicit: 0, pageLoad: 300000, script: 30000}, unhandledPromptBehavior: dismiss and notify, webauthn:extension:credBlob: true, webauthn:extension:largeBlob: true, webauthn:virtualAuthenticators: true}&#10;Element: [[ChromeDriver: chrome on WINDOWS (53de171d17877893be12c6a38ed32577)] -&gt; xpath: (//div[@class='buttons']//button[contains(text(),'Add to cart')])[1]]&#10;Session ID: 53de171d17877893be12c6a38ed32577" type="org.openqa.selenium.StaleElementReferenceException"><![CDATA[Given Go to website and navigate to Computer section........................passed
When click on Notebook and Filter the product to get result.................passed
And Add item to cart........................................................failed
And Go to shopping cart and verify item.....................................skipped
And Checkout and register the user..........................................skipped
And Navigate to shopping cart to increase quality and fill details to buy item.skipped
Then verify user item.......................................................skipped

StackTrace:
org.openqa.selenium.StaleElementReferenceException: stale element reference: element is not attached to the page document
  (Session info: chrome=105.0.5195.127)
For documentation on this error, please visit: https://selenium.dev/exceptions/#stale_element_reference
Build info: version: '4.1.0', revision: '87802e897b'
System info: host: 'MSDT124', ip: '10.20.20.153', os.name: 'Windows 10', os.arch: 'amd64', os.version: '10.0', java.version: '18.0.2.1'
Driver info: org.openqa.selenium.chrome.ChromeDriver
Command: [53de171d17877893be12c6a38ed32577, clickElement {id=16bf47e6-926f-4f41-b91e-afe8ac36083a}]
Capabilities {acceptInsecureCerts: false, browserName: chrome, browserVersion: 105.0.5195.127, chrome: {chromedriverVersion: 105.0.5195.52 (412c95e51883..., userDataDir: C:\Users\SUKREE~1\AppData\L...}, goog:chromeOptions: {debuggerAddress: localhost:53193}, javascriptEnabled: true, networkConnectionEnabled: false, pageLoadStrategy: normal, platform: WINDOWS, platformName: WINDOWS, proxy: Proxy(), se:cdp: ws://localhost:53193/devtoo..., se:cdpVersion: 105.0.5195.127, setWindowRect: true, strictFileInteractability: false, timeouts: {implicit: 0, pageLoad: 300000, script: 30000}, unhandledPromptBehavior: dismiss and notify, webauthn:extension:credBlob: true, webauthn:extension:largeBlob: true, webauthn:virtualAuthenticators: true}
Element: [[ChromeDriver: chrome on WINDOWS (53de171d17877893be12c6a38ed32577)] -> xpath: (//div[@class='buttons']//button[contains(text(),'Add to cart')])[1]]
Session ID: 53de171d17877893be12c6a38ed32577
	at java.base/jdk.internal.reflect.DirectConstructorHandleAccessor.newInstance(DirectConstructorHandleAccessor.java:67)
	at java.base/java.lang.reflect.Constructor.newInstanceWithCaller(Constructor.java:499)
	at java.base/java.lang.reflect.Constructor.newInstance(Constructor.java:483)
	at org.openqa.selenium.remote.codec.w3c.W3CHttpResponseCodec.createException(W3CHttpResponseCodec.java:200)
	at org.openqa.selenium.remote.codec.w3c.W3CHttpResponseCodec.decode(W3CHttpResponseCodec.java:133)
	at org.openqa.selenium.remote.codec.w3c.W3CHttpResponseCodec.decode(W3CHttpResponseCodec.java:53)
	at org.openqa.selenium.remote.HttpCommandExecutor.execute(HttpCommandExecutor.java:184)
	at org.openqa.selenium.remote.service.DriverCommandExecutor.invokeExecute(DriverCommandExecutor.java:164)
	at org.openqa.selenium.remote.service.DriverCommandExecutor.execute(DriverCommandExecutor.java:139)
	at org.openqa.selenium.remote.RemoteWebDriver.execute(RemoteWebDriver.java:559)
	at org.openqa.selenium.remote.RemoteWebElement.execute(RemoteWebElement.java:251)
	at org.openqa.selenium.remote.RemoteWebElement.click(RemoteWebElement.java:77)
	at Pages.AbleToAddItem.AddToCart(AbleToAddItem.java:44)
	at StepDefinition.AddItemAndCheckout.add_item_to_cart(AddItemAndCheckout.java:20)
	at âœ½.Add item to cart(file:///C:/Users/SukreetiSharma/Documents/GitHub/demo_NopCommerce/src/test/java/FeatureFile/AddItem.feature:6)
]]></failure>
    </testcase>
</testsuite>
